{'val': 1166, 'train': 3499}
Total param size: 13273206
Epoch 0/9
----------
train Loss: 0.1890 Acc: 0.5404
[[ 142    0   14   28    9  631]
 [  22    1    7   14    2  258]
 [  22    0    5    8    1  179]
 [  28    0   11   23    2  172]
 [  28    1    3    4    2   99]
 [  52    0    1   12    0 1718]]
val Loss: 0.2016 Acc: 0.5292
[[  6   0   0  48  30 195]
 [  2   0   0  17   4  93]
 [  0   0   1  30   1  33]
 [  2   0   0  21   3  40]
 [  0   0   0  28   3  22]
 [  0   0   0   1   0 586]]

Epoch 1/9
----------
train Loss: 0.1491 Acc: 0.6027
[[ 299    1    6   10    5  503]
 [  73    3    3    7    2  216]
 [  67    1    4    7    4  132]
 [  66    2    3   18    1  146]
 [  49    0    0    7    2   79]
 [   0    0    0    0    0 1783]]
val Loss: 0.1870 Acc: 0.5369
[[ 38   0   0   1   0 240]
 [ 11   0   0   3   0 102]
 [  8   0   0   1   0  56]
 [  6   0   0   1   0  59]
 [  3   0   0  15   0  35]
 [  0   0   0   0   0 587]]

Epoch 2/9
----------
train Loss: 0.1328 Acc: 0.6573
[[ 505    1    1    3    1  313]
 [ 134    2    2    9    1  156]
 [  95    1    0    7    0  112]
 [  92    2    0   10    1  131]
 [  47    4    7    8    0   71]
 [   0    0    0    0    0 1783]]
val Loss: 0.1773 Acc: 0.6501
[[155   0   0   0  16 108]
 [  7   0   0   1  12  96]
 [  2   0   0   1  10  52]
 [  7   0   0   0  15  44]
 [  1   0   0   0  17  35]
 [  0   0   0   0   1 586]]

Epoch 3/9
----------
train Loss: 0.1081 Acc: 0.7394
[[ 771    1    0    1    2   49]
 [ 156   10   14   10    7  107]
 [  92   12    9    9    7   86]
 [ 114   10   13   11   11   77]
 [  49   11    4    5    7   61]
 [   4    0    0    0    0 1779]]
val Loss: 0.1474 Acc: 0.6981
[[230   0   0   0   0  49]
 [ 53   0   0   0   0  63]
 [ 47   0   0   1   0  17]
 [ 35   0   0   0   0  31]
 [ 38   0   0   0   0  15]
 [  3   0   0   0   0 584]]

Epoch 4/9
----------
train Loss: 0.0887 Acc: 0.7602
[[ 808    2    3    1    1    9]
 [ 134   24   18    6   18  104]
 [  80   15   27    5    8   80]
 [  85   15   16    1   20   99]
 [  43   21   18    3   18   34]
 [   1    0    0    0    0 1782]]
val Loss: 0.1227 Acc: 0.7341
[[252   0   2   0   0  25]
 [ 41   1   8   0   0  66]
 [ 18   1  16   0   1  29]
 [ 19   0   4   1   2  40]
 [ 14   0  11   0   6  22]
 [  7   0   0   0   0 580]]

Epoch 5/9
----------
train Loss: 0.0723 Acc: 0.7774
[[ 818    0    0    1    0    5]
 [ 109   68   15   19    1   92]
 [  64   53   20   13    4   61]
 [  82   51    5   28    1   69]
 [  39   32   10   14    4   38]
 [   1    0    0    0    0 1782]]
val Loss: 0.1097 Acc: 0.7101
[[246   0   0   1   0  32]
 [ 46   0   1   2   0  67]
 [ 15   0   1   6   0  43]
 [ 20   0   0   3   0  43]
 [ 15   0   7   2   0  29]
 [  9   0   0   0   0 578]]

Epoch 6/9
----------
train Loss: 0.0738 Acc: 0.7768
[[ 818    1    0    1    0    4]
 [  99   45   24   23    8  105]
 [  60   25   42   14    9   65]
 [  73   26   21   22    5   89]
 [  38   21   23    2    8   45]
 [   0    0    0    0    0 1783]]
val Loss: 0.1216 Acc: 0.7256
[[248   0   4   0   0  27]
 [ 45   0  13   0   0  58]
 [ 18   1  24   0   0  22]
 [ 22   0  15   0   0  29]
 [ 16   0  23   0   0  14]
 [ 13   0   0   0   0 574]]

Epoch 7/9
----------
train Loss: 0.0653 Acc: 0.7922
[[ 821    0    1    0    0    2]
 [  71   78   25   42    3   85]
 [  56   39   31   29    3   57]
 [  61   38   16   47    6   68]
 [  29   16   11   38   12   31]
 [   0    0    0    0    0 1783]]
val Loss: 0.1101 Acc: 0.7281
[[243   0   0   8   0  28]
 [ 33   2   0  28   0  53]
 [ 15   3   2  29   0  16]
 [ 20   0   0  23   0  23]
 [ 12   0   0  31   0  10]
 [  7   0   0   1   0 579]]

Epoch 8/9
----------
train Loss: 0.0631 Acc: 0.7919
[[ 822    0    2    0    0    0]
 [  82   73   29   30    4   86]
 [  44   36   46   15    5   69]
 [  47   38   19   34    4   94]
 [  29   31   13   18   14   32]
 [   1    0    0    0    0 1782]]
val Loss: 0.1280 Acc: 0.7316
[[240   1   0   0   2  36]
 [ 37   7   3   0   3  66]
 [ 15   9   8   0   7  26]
 [ 24   5   0   0   6  31]
 [ 17   0   0   0  17  19]
 [  6   0   0   0   0 581]]

Epoch 9/9
----------
train Loss: 0.0612 Acc: 0.8005
[[ 822    0    0    1    1    0]
 [  76   79   28   25    3   93]
 [  49   26   52   19    3   66]
 [  65   28   27   51    5   60]
 [  40   14   20   19   14   30]
 [   0    0    0    0    0 1783]]
val Loss: 0.1165 Acc: 0.7196
[[234   1   7   0   0  37]
 [ 39   9   4   0   0  64]
 [ 31   2  13   0   0  19]
 [ 28   4   4   0   0  30]
 [ 31   1   9   0   0  12]
 [  3   0   1   0   0 583]]

Training complete in 51m 18s
Best val acc: 0.734134
