{'train': 3499, 'val': 1166}
Epoch 0/9
----------
train Loss: 0.9067 Acc: 0.6702
val Loss: 0.6139 Acc: 0.7916

Epoch 1/9
----------
train Loss: 0.5788 Acc: 0.7951
val Loss: 0.5170 Acc: 0.8208

Epoch 2/9
----------
train Loss: 0.5148 Acc: 0.8214
val Loss: 0.4812 Acc: 0.8310

Epoch 3/9
----------
train Loss: 0.4811 Acc: 0.8328
val Loss: 0.5019 Acc: 0.8225

Epoch 4/9
----------
train Loss: 0.4667 Acc: 0.8325
val Loss: 0.4598 Acc: 0.8388

Epoch 5/9
----------
Finetuning complete. Training entire network now.
train Loss: 0.4386 Acc: 0.8500
val Loss: 0.4404 Acc: 0.8465

Epoch 6/9
----------
train Loss: 0.4341 Acc: 0.8497
val Loss: 0.4439 Acc: 0.8448

Epoch 7/9
----------
train Loss: 0.4077 Acc: 0.8585
val Loss: 0.4372 Acc: 0.8491

Epoch 8/9
----------
train Loss: 0.3995 Acc: 0.8574
val Loss: 0.4356 Acc: 0.8508

Epoch 9/9
----------
train Loss: 0.3985 Acc: 0.8600
val Loss: 0.4382 Acc: 0.8508

Training complete in 265m 17s
Best val acc: 0.850772

Test Accuracy: 0.83448
Test F1 Score: 0.83286
Test Precision: 0.83516
Test Recall: 0.83448
