{'train': 3499, 'val': 1166}
Epoch 0/9
----------
train Loss: 0.9929 Acc: 0.6439
val Loss: 0.6724 Acc: 0.7787

Epoch 1/9
----------
train Loss: 0.6434 Acc: 0.7731
val Loss: 0.5946 Acc: 0.7770

Epoch 2/9
----------
train Loss: 0.5507 Acc: 0.8031
val Loss: 0.5457 Acc: 0.8199

Epoch 3/9
----------
train Loss: 0.5244 Acc: 0.8142
val Loss: 0.5153 Acc: 0.8250

Epoch 4/9
----------
train Loss: 0.5060 Acc: 0.8214
val Loss: 0.5114 Acc: 0.8182

Epoch 5/9
----------
Finetuning complete. Training entire network now.
train Loss: 0.4830 Acc: 0.8260
val Loss: 0.5069 Acc: 0.8302

Epoch 6/9
----------
train Loss: 0.4824 Acc: 0.8262
val Loss: 0.5020 Acc: 0.8250

Epoch 7/9
----------
train Loss: 0.4432 Acc: 0.8448
val Loss: 0.4986 Acc: 0.8345

Epoch 8/9
----------
train Loss: 0.4459 Acc: 0.8440
val Loss: 0.4986 Acc: 0.8319

Epoch 9/9
----------
train Loss: 0.4303 Acc: 0.8482
val Loss: 0.4978 Acc: 0.8319

Training complete in 105m 7s
Best val acc: 0.834477

Test Accuracy: 0.81647
Test F1 Score: 0.81611
Test Precision: 0.81955
Test Recall: 0.81647
